This is pdfTeX, Version 3.14159265-2.6-1.40.21 (MiKTeX 20.11) (preloaded format=pdflatex 2020.12.8)  14 JAN 2021 15:39
entering extended mode
**./main.tex
(main.tex
LaTeX2e <2020-10-01> patch level 2
L3 programming layer <2020-12-03> xparse <2020-03-03>
(/home/wei/.miktex/texmfs/install/tex/latex/nag/nag.sty
Package: nag 2011/11/25 0.7 warning about old commands (ulmi)
\c@nag@c=\count177
\c@nag@sins=\count178
Package nag Info: Loaded nag-l2tabu.cfg  on input line 552.

(/home/wei/.miktex/texmfs/install/tex/latex/nag/nag-l2tabu.cfg
File: nag-l2tabu.cfg 2010/05/17 v2.11 l2tabu rules for nag.sty (ulmi)
)
Package nag Info: Loaded nag-orthodox.cfg  on input line 552.

(/home/wei/.miktex/texmfs/install/tex/latex/nag/nag-orthodox.cfg
File: nag-orthodox.cfg 2006/04/19 v1.8 strict rules for nag.sty (ulmi)
))
(/home/wei/.miktex/texmfs/install/tex/latex/koma-script/scrbook.cls
Document Class: scrbook 2020/09/21 v3.32 KOMA-Script document class (book)
(/home/wei/.miktex/texmfs/install/tex/latex/koma-script/scrkbase.sty
Package: scrkbase 2020/09/21 v3.32 KOMA-Script package (KOMA-Script-dependent b
asics and keyval usage)

(/home/wei/.miktex/texmfs/install/tex/latex/koma-script/scrbase.sty
Package: scrbase 2020/09/21 v3.32 KOMA-Script package (KOMA-Script-independent 
basics and keyval usage)

(/home/wei/.miktex/texmfs/install/tex/latex/koma-script/scrlfile.sty
Package: scrlfile 2020/09/21 v3.32 KOMA-Script package (file load hooks)

(/home/wei/.miktex/texmfs/install/tex/latex/koma-script/scrlfile-hook.sty
Package: scrlfile-hook 2020/09/21 v3.32 KOMA-Script package (using LaTeX hooks)


LaTeX3 Info: Defining command \BeforeFile with sig. 'm' on line 61.


LaTeX3 Info: Defining command \AfterFile with sig. 'm' on line 65.


LaTeX3 Info: Defining command \BeforeClass with sig. 'm' on line 69.


LaTeX3 Info: Defining command \BeforePackage with sig. 'm' on line 73.


LaTeX3 Info: Defining command \AfterAtEndOfClass with sig. 'smo+m' on line 83.


LaTeX3 Info: Defining command \AfterAtEndOfPackage with sig. 'smo+m' on line
(LaTeX3)     93.


LaTeX3 Info: Defining command \scrlfile@AfterClass with sig. 'smo+m' on line
(LaTeX3)     173.


LaTeX3 Info: Defining command \AfterClass with sig. '' on line 174.


LaTeX3 Info: Defining command \scrlfile@AfterPackage with sig. 'smo+m' on line
(LaTeX3)     191.


LaTeX3 Info: Defining command \AfterPackage with sig. '' on line 192.


LaTeX3 Info: Defining command \ReplaceInput with sig. '' on line 193.


LaTeX3 Info: Defining command \ReplaceClass with sig. 'mm' on line 196.


LaTeX3 Info: Defining command \ReplacePackage with sig. 'mm' on line 199.


LaTeX3 Info: Defining command \UnReplaceInput with sig. '' on line 200.


LaTeX3 Info: Defining command \UnReplaceClass with sig. 'm' on line 203.


LaTeX3 Info: Defining command \UnReplacePackage with sig. 'mm' on line 206.


LaTeX3 Info: Defining command \PreventPackageFromLoading with sig. 's+om' on
(LaTeX3)     line 234.


LaTeX3 Info: Defining command \StorePreventPackageFromLoading with sig. 'm' on
(LaTeX3)     line 242.


LaTeX3 Info: Defining command \ResetPreventPackageFromLoading with sig. '' on
(LaTeX3)     line 247.


LaTeX3 Info: Defining command \UnPreventPackageFromLoading with sig. 'sm' on
(LaTeX3)     line 261.


LaTeX3 Info: Defining command \BeforeClosingMainAux with sig. 'om' on line
(LaTeX3)     274.


LaTeX3 Info: Defining command \AfterReadingMainAux with sig. 'om' on line 287.


LaTeX3 Info: Defining command \protected@immediate@write with sig. 'm+m+m' on
(LaTeX3)     line 298.


(/home/wei/.miktex/texmfs/install/tex/latex/koma-script/scrlogo.sty
Package: scrlogo 2020/09/21 v3.32 KOMA-Script package (logo)
)))
(/home/wei/.miktex/texmfs/install/tex/latex/graphics/keyval.sty
Package: keyval 2014/10/28 v1.15 key=value parser (DPC)
\KV@toks@=\toks15
)))
(/home/wei/.miktex/texmfs/install/tex/latex/koma-script/tocbasic.sty
Package: tocbasic 2020/09/21 v3.32 KOMA-Script package (handling toc-files)
\scr@dte@tocline@numberwidth=\skip47
\scr@dte@tocline@numbox=\box47
)
Package tocbasic Info: babel extension for `toc' omitted
(tocbasic)             because of missing \bbl@set@language on input line 137.
Class scrbook Info: You've used standard option `oneside'.
(scrbook)           This is correct!
(scrbook)           Internally I'm using `twoside=false'.
(scrbook)           If you'd like to set the option with \KOMAoptions,
(scrbook)           you'd have to use `twoside=false' there
(scrbook)           instead of `oneside', too.
Class scrbook Info: File `scrsize11pt.clo' used to setup font sizes on input li
ne 2437.

(/home/wei/.miktex/texmfs/install/tex/latex/koma-script/scrsize11pt.clo
File: scrsize11pt.clo 2020/09/21 v3.32 KOMA-Script font size class option (11pt
)
)
(/home/wei/.miktex/texmfs/install/tex/latex/koma-script/typearea.sty
Package: typearea 2020/09/21 v3.32 KOMA-Script package (type area)
\ta@bcor=\skip48
\ta@div=\count179
Package typearea Info: You've used standard option `oneside'.
(typearea)             This is correct!
(typearea)             Internally I'm using `twoside=false'.
(typearea)             If you'd like to set the option with \KOMAoptions,
(typearea)             you'd have to use `twoside=false' there
(typearea)             instead of `oneside', too.
\ta@hblk=\skip49
\ta@vblk=\skip50
\ta@temp=\skip51
\footheight=\skip52
Package typearea Info: These are the values describing the layout:
(typearea)             DIV  = 10
(typearea)             BCOR = 0.0pt
(typearea)             \paperwidth      = 597.50793pt
(typearea)              \textwidth      = 418.25555pt
(typearea)              DIV departure   = -6%
(typearea)              \evensidemargin = 17.3562pt
(typearea)              \oddsidemargin  = 17.3562pt
(typearea)             \paperheight     = 845.04694pt
(typearea)              \textheight     = 555.00024pt
(typearea)              \topmargin      = 12.2347pt
(typearea)              \headheight     = 17.0pt
(typearea)              \headsep        = 20.40001pt
(typearea)              \topskip        = 11.0pt
(typearea)              \footskip       = 47.6pt
(typearea)              \baselineskip   = 13.6pt
(typearea)              on input line 1740.
)
\c@part=\count180
\c@chapter=\count181
\c@section=\count182
\c@subsection=\count183
\c@subsubsection=\count184
\c@paragraph=\count185
\c@subparagraph=\count186
\scr@dte@chapter@maxnumwidth=\skip53
Class scrbook Info: using compatibility default `afterindent=bysign'
(scrbook)           for `\chapter on input line 5625.
\scr@dte@section@maxnumwidth=\skip54
Class scrbook Info: using compatibility default `runin=bysign'
(scrbook)           for `\section on input line 5636.
Class scrbook Info: using compatibility default `afterindent=bysign'
(scrbook)           for `\section on input line 5636.
\scr@dte@part@maxnumwidth=\skip55
Class scrbook Info: using compatibility default `afterindent=true'
(scrbook)           for `\part on input line 5645.
\scr@dte@subsection@maxnumwidth=\skip56
Class scrbook Info: using compatibility default `runin=bysign'
(scrbook)           for `\subsection on input line 5655.
Class scrbook Info: using compatibility default `afterindent=bysign'
(scrbook)           for `\subsection on input line 5655.
\scr@dte@subsubsection@maxnumwidth=\skip57
Class scrbook Info: using compatibility default `runin=bysign'
(scrbook)           for `\subsubsection on input line 5665.
Class scrbook Info: using compatibility default `afterindent=bysign'
(scrbook)           for `\subsubsection on input line 5665.
\scr@dte@paragraph@maxnumwidth=\skip58
Class scrbook Info: using compatibility default `runin=bysign'
(scrbook)           for `\paragraph on input line 5676.
Class scrbook Info: using compatibility default `afterindent=bysign'
(scrbook)           for `\paragraph on input line 5676.
\scr@dte@subparagraph@maxnumwidth=\skip59
Class scrbook Info: using compatibility default `runin=bysign'
(scrbook)           for `\subparagraph on input line 5686.
Class scrbook Info: using compatibility default `afterindent=bysign'
(scrbook)           for `\subparagraph on input line 5686.
\abovecaptionskip=\skip60
\belowcaptionskip=\skip61
\c@pti@nb@sid@b@x=\box48
Package tocbasic Info: babel extension for `lof' omitted
(tocbasic)             because of missing \bbl@set@language on input line 6929.

\scr@dte@figure@maxnumwidth=\skip62
\c@figure=\count187
Package tocbasic Info: babel extension for `lot' omitted
(tocbasic)             because of missing \bbl@set@language on input line 6950.

\scr@dte@table@maxnumwidth=\skip63
\c@table=\count188
Class scrbook Info: Redefining `\numberline' on input line 7123.
\bibindent=\dimen138
)
(settings.tex (/home/wei/.miktex/texmfs/install/tex/latex/base/inputenc.sty
Package: inputenc 2020/08/01 v1.3d Input encoding file
\inpenc@prehook=\toks16
\inpenc@posthook=\toks17
)
(/home/wei/.miktex/texmfs/install/tex/latex/base/fontenc.sty
Package: fontenc 2020/08/10 v2.0s Standard LaTeX package
)
(/home/wei/.miktex/texmfs/install/tex/latex/psnfss/mathpazo.sty
Package: mathpazo 2020/03/25 PSNFSS-v9.3 Palatino w/ Pazo Math (D.Puga, WaS) 
\symupright=\mathgroup4
)
(/home/wei/.miktex/texmfs/install/tex/generic/babel/babel.sty
Package: babel 2020/10/27 3.51 The Babel package

(/home/wei/.miktex/texmfs/install/tex/generic/babel/babel.def
File: babel.def 2020/10/27 3.51 Babel common definitions
\babel@savecnt=\count189
\U@D=\dimen139
\l@babelnohyphens=\language1

(/home/wei/.miktex/texmfs/install/tex/generic/babel/txtbabel.def)
\bbl@readstream=\read2
)
\bbl@dirlevel=\count190

*************************************
* Local config file bblopts.cfg used
*
(/home/wei/.miktex/texmfs/install/tex/latex/arabi/bblopts.cfg
File: bblopts.cfg 2005/09/08 v0.1 add Arabic and Farsi to "declared" options of
 babel
)
(/home/wei/.miktex/texmfs/install/tex/latex/babel-german/ngerman.ldf
Language: ngerman 2020/07/21 v2.12 German support for babel (post-1996 orthogra
phy)

(/home/wei/.miktex/texmfs/install/tex/latex/babel-german/ngermanb.ldf
Language: ngermanb 2020/07/21 v2.12 German support for babel (post-1996 orthogr
aphy)


Package babel Warning: No hyphenation patterns were preloaded for
(babel)                the language `German (new orthography)' into the format.

(babel)                Please, configure your TeX system to add them and
(babel)                rebuild the format. Now I will use the patterns
(babel)                preloaded for \language=0 instead on input line 47.

Package babel Info: Making " an active character on input line 121.
)) (/home/wei/.miktex/texmfs/install/tex/latex/babel-english/american.ldf
Language: american 2017/06/06 v3.3r English support from the babel system

(/home/wei/.miktex/texmfs/install/tex/latex/babel-english/english.ldf
Language: english 2017/06/06 v3.3r English support from the babel system
)))
(/home/wei/.miktex/texmfs/install/tex/latex/csquotes/csquotes.sty
Package: csquotes 2019-12-06 v5.2j context-sensitive quotations (JAW)

(/home/wei/.miktex/texmfs/install/tex/latex/etoolbox/etoolbox.sty
Package: etoolbox 2020/10/05 v2.5k e-TeX tools for LaTeX (JAW)
\etb@tempcnta=\count191
)
\csq@reset=\count192
\csq@gtype=\count193
\csq@glevel=\count194
\csq@qlevel=\count195
\csq@maxlvl=\count196
\csq@tshold=\count197
\csq@ltx@everypar=\toks18

(/home/wei/.miktex/texmfs/install/tex/latex/csquotes/csquotes.def
File: csquotes.def 2019-12-06 v5.2j csquotes generic definitions (JAW)
)
Package csquotes Info: Trying to load configuration file 'csquotes.cfg'...
Package csquotes Info: ... configuration file loaded successfully.

(/home/wei/.miktex/texmfs/install/tex/latex/csquotes/csquotes.cfg
File: csquotes.cfg 
)
Package csquotes Info: Enabling multilingual quotes.
)
(/home/wei/.miktex/texmfs/install/tex/latex/biblatex/biblatex.sty
Package: biblatex 2020/08/23 v3.15a programmable bibliographies (PK/MW)

(/home/wei/.miktex/texmfs/install/tex/generic/pdftexcmds/pdftexcmds.sty
Package: pdftexcmds 2020-06-27 v0.33 Utility functions of pdfTeX for LuaTeX (HO
)

(/home/wei/.miktex/texmfs/install/tex/generic/infwarerr/infwarerr.sty
Package: infwarerr 2019/12/03 v1.5 Providing info/warning/error messages (HO)
)
(/home/wei/.miktex/texmfs/install/tex/generic/iftex/iftex.sty
Package: iftex 2020/03/06 v1.0d TeX engine tests
)
(/home/wei/.miktex/texmfs/install/tex/generic/ltxcmds/ltxcmds.sty
Package: ltxcmds 2020-05-10 v1.25 LaTeX kernel commands for general use (HO)
)
Package pdftexcmds Info: \pdf@primitive is available.
Package pdftexcmds Info: \pdf@ifprimitive is available.
Package pdftexcmds Info: \pdfdraftmode found.
)
(/home/wei/.miktex/texmfs/install/tex/latex/kvoptions/kvoptions.sty
Package: kvoptions 2020-10-07 v3.14 Key value format for package options (HO)

(/home/wei/.miktex/texmfs/install/tex/generic/kvsetkeys/kvsetkeys.sty
Package: kvsetkeys 2019/12/15 v1.18 Key value parser (HO)
))
(/home/wei/.miktex/texmfs/install/tex/latex/logreq/logreq.sty
Package: logreq 2010/08/04 v1.0 xml request logger
\lrq@indent=\count198

(/home/wei/.miktex/texmfs/install/tex/latex/logreq/logreq.def
File: logreq.def 2010/08/04 v1.0 logreq spec v1.0
))
(/home/wei/.miktex/texmfs/install/tex/latex/base/ifthen.sty
Package: ifthen 2014/09/29 v1.1c Standard LaTeX ifthen package (DPC)
)
(/home/wei/.miktex/texmfs/install/tex/latex/url/url.sty
\Urlmuskip=\muskip16
Package: url 2013/09/16  ver 3.4  Verb mode for urls, etc.
)
\c@tabx@nest=\count199
\c@listtotal=\count266
\c@listcount=\count267
\c@liststart=\count268
\c@liststop=\count269
\c@citecount=\count270
\c@citetotal=\count271
\c@multicitecount=\count272
\c@multicitetotal=\count273
\c@instcount=\count274
\c@maxnames=\count275
\c@minnames=\count276
\c@maxitems=\count277
\c@minitems=\count278
\c@citecounter=\count279
\c@maxcitecounter=\count280
\c@savedcitecounter=\count281
\c@uniquelist=\count282
\c@uniquename=\count283
\c@refsection=\count284
\c@refsegment=\count285
\c@maxextratitle=\count286
\c@maxextratitleyear=\count287
\c@maxextraname=\count288
\c@maxextradate=\count289
\c@maxextraalpha=\count290
\c@abbrvpenalty=\count291
\c@highnamepenalty=\count292
\c@lownamepenalty=\count293
\c@maxparens=\count294
\c@parenlevel=\count295
\blx@tempcnta=\count296
\blx@tempcntb=\count297
\blx@tempcntc=\count298
\blx@maxsection=\count299
\blx@maxsegment@0=\count300
\blx@notetype=\count301
\blx@parenlevel@text=\count302
\blx@parenlevel@foot=\count303
\blx@sectionciteorder@0=\count304
\blx@entrysetcounter=\count305
\blx@biblioinstance=\count306
\labelnumberwidth=\skip64
\labelalphawidth=\skip65
\biblabelsep=\skip66
\bibitemsep=\skip67
\bibnamesep=\skip68
\bibinitsep=\skip69
\bibparsep=\skip70
\bibhang=\skip71
\blx@bcfin=\read3
\blx@bcfout=\write3
\blx@langwohyphens=\language2
\c@mincomprange=\count307
\c@maxcomprange=\count308
\c@mincompwidth=\count309
Package biblatex Info: Trying to load biblatex default data model...
Package biblatex Info: ... file 'blx-dm.def' found.

(/home/wei/.miktex/texmfs/install/tex/latex/biblatex/blx-dm.def
File: blx-dm.def 2020/08/23 v3.15a biblatex localization (PK/MW)
)
Package biblatex Info: Trying to load biblatex citestyle data model...
Package biblatex Info: ... file 'numeric.dbx' not found.
Package biblatex Info: Trying to load biblatex bibstyle data model...
Package biblatex Info: ... file 'ieee.dbx' not found.
Package biblatex Info: Trying to load biblatex custom data model...
Package biblatex Info: ... file 'biblatex-dm.cfg' not found.
\c@afterword=\count310
\c@savedafterword=\count311
\c@annotator=\count312
\c@savedannotator=\count313
\c@author=\count314
\c@savedauthor=\count315
\c@bookauthor=\count316
\c@savedbookauthor=\count317
\c@commentator=\count318
\c@savedcommentator=\count319
\c@editor=\count320
\c@savededitor=\count321
\c@editora=\count322
\c@savededitora=\count323
\c@editorb=\count324
\c@savededitorb=\count325
\c@editorc=\count326
\c@savededitorc=\count327
\c@foreword=\count328
\c@savedforeword=\count329
\c@holder=\count330
\c@savedholder=\count331
\c@introduction=\count332
\c@savedintroduction=\count333
\c@namea=\count334
\c@savednamea=\count335
\c@nameb=\count336
\c@savednameb=\count337
\c@namec=\count338
\c@savednamec=\count339
\c@translator=\count340
\c@savedtranslator=\count341
\c@shortauthor=\count342
\c@savedshortauthor=\count343
\c@shorteditor=\count344
\c@savedshorteditor=\count345
\c@labelname=\count346
\c@savedlabelname=\count347
\c@institution=\count348
\c@savedinstitution=\count349
\c@lista=\count350
\c@savedlista=\count351
\c@listb=\count352
\c@savedlistb=\count353
\c@listc=\count354
\c@savedlistc=\count355
\c@listd=\count356
\c@savedlistd=\count357
\c@liste=\count358
\c@savedliste=\count359
\c@listf=\count360
\c@savedlistf=\count361
\c@location=\count362
\c@savedlocation=\count363
\c@organization=\count364
\c@savedorganization=\count365
\c@origlocation=\count366
\c@savedoriglocation=\count367
\c@origpublisher=\count368
\c@savedorigpublisher=\count369
\c@publisher=\count370
\c@savedpublisher=\count371
\c@language=\count372
\c@savedlanguage=\count373
\c@origlanguage=\count374
\c@savedoriglanguage=\count375
\c@pageref=\count376
\c@savedpageref=\count377
\shorthandwidth=\skip72
\shortjournalwidth=\skip73
\shortserieswidth=\skip74
\shorttitlewidth=\skip75
\shortauthorwidth=\skip76
\shorteditorwidth=\skip77
\locallabelnumberwidth=\skip78
\locallabelalphawidth=\skip79
\localshorthandwidth=\skip80
\localshortjournalwidth=\skip81
\localshortserieswidth=\skip82
\localshorttitlewidth=\skip83
\localshortauthorwidth=\skip84
\localshorteditorwidth=\skip85
Package biblatex Info: Trying to load compatibility code...
Package biblatex Info: ... file 'blx-compat.def' found.

(/home/wei/.miktex/texmfs/install/tex/latex/biblatex/blx-compat.def
File: blx-compat.def 2020/08/23 v3.15a biblatex compatibility (PK/MW)
)
(/home/wei/.miktex/texmfs/install/tex/latex/l3kernel/expl3.sty
Package: expl3 2020-12-03 L3 programming layer (loader) 

(/home/wei/.miktex/texmfs/install/tex/latex/l3backend/l3backend-pdftex.def
File: l3backend-pdftex.def 2020-09-24 L3 backend support: PDF output (pdfTeX)
\l__kernel_color_stack_int=\count378
\l__pdf_internal_box=\box49
))
Package biblatex Info: expl3
(biblatex)             2020-12-03 L3 programming layer (loader) 
(biblatex)             is new enough (at least 2020/04/06),
(biblatex)             setting 'casechanger=expl3'.
Package biblatex Info: Trying to load expl3 case changing code...
Package biblatex Info: ... file 'blx-case-expl3.def' found.

(/home/wei/.miktex/texmfs/install/tex/latex/biblatex/blx-case-expl3.def
(/home/wei/.miktex/texmfs/install/tex/latex/l3packages/xparse/xparse.sty
Package: xparse 2020-10-27 L3 Experimental document command parser

(/home/wei/.miktex/texmfs/install/tex/latex/l3packages/xparse/xparse-generic.te
x))
File: blx-case-expl3 2020/08/23 v3.15a expl3 case changing code for biblatex
)
Package biblatex Info: Trying to load generic definitions...
Package biblatex Info: ... file 'biblatex.def' found.
 (/home/wei/.miktex/texmfs/install/tex/latex/biblatex/biblatex.def
File: biblatex.def 2020/08/23 v3.15a biblatex compatibility (PK/MW)
\c@textcitecount=\count379
\c@textcitetotal=\count380
\c@textcitemaxnames=\count381
\c@biburlbigbreakpenalty=\count382
\c@biburlbreakpenalty=\count383
\c@biburlnumpenalty=\count384
\c@biburlucpenalty=\count385
\c@biburllcpenalty=\count386
\biburlbigskip=\muskip17
\biburlnumskip=\muskip18
\biburlucskip=\muskip19
\biburllcskip=\muskip20
\c@smartand=\count387
)
Package biblatex Info: Trying to load bibliography style 'ieee'...
Package biblatex Info: ... file 'ieee.bbx' found.

(/home/wei/.miktex/texmfs/install/tex/latex/biblatex-ieee/ieee.bbx
File: ieee.bbx 2020/08/31 v1.3c biblatex bibliography style
Package biblatex Info: Trying to load bibliography style 'numeric-comp'...
Package biblatex Info: ... file 'numeric-comp.bbx' found.

(/home/wei/.miktex/texmfs/install/tex/latex/biblatex/bbx/numeric-comp.bbx
File: numeric-comp.bbx 2020/08/23 v3.15a biblatex bibliography style (PK/MW)
Package biblatex Info: Trying to load bibliography style 'numeric'...
Package biblatex Info: ... file 'numeric.bbx' found.

(/home/wei/.miktex/texmfs/install/tex/latex/biblatex/bbx/numeric.bbx
File: numeric.bbx 2020/08/23 v3.15a biblatex bibliography style (PK/MW)
Package biblatex Info: Trying to load bibliography style 'standard'...
Package biblatex Info: ... file 'standard.bbx' found.

(/home/wei/.miktex/texmfs/install/tex/latex/biblatex/bbx/standard.bbx
File: standard.bbx 2020/08/23 v3.15a biblatex bibliography style (PK/MW)
\c@bbx:relatedcount=\count388
\c@bbx:relatedtotal=\count389
))))
Package biblatex Info: Trying to load citation style 'numeric'...
Package biblatex Info: ... file 'numeric.cbx' found.

(/home/wei/.miktex/texmfs/install/tex/latex/biblatex/cbx/numeric.cbx
File: numeric.cbx 2020/08/23 v3.15a biblatex citation style (PK/MW)
Package biblatex Info: Redefining '\cite'.
Package biblatex Info: Redefining '\parencite'.
Package biblatex Info: Redefining '\footcite'.
Package biblatex Info: Redefining '\footcitetext'.
Package biblatex Info: Redefining '\smartcite'.
Package biblatex Info: Redefining '\supercite'.
Package biblatex Info: Redefining '\textcite'.
Package biblatex Info: Redefining '\textcites'.
Package biblatex Info: Redefining '\cites'.
Package biblatex Info: Redefining '\parencites'.
Package biblatex Info: Redefining '\smartcites'.
)
Package biblatex Info: Trying to load configuration file...
Package biblatex Info: ... file 'biblatex.cfg' found.

(/home/wei/.miktex/texmfs/install/tex/latex/biblatex/biblatex.cfg
File: biblatex.cfg 
))
(/home/wei/.miktex/texmfs/install/tex/latex/graphics/graphicx.sty
Package: graphicx 2020/09/09 v1.2b Enhanced LaTeX Graphics (DPC,SPQR)

(/home/wei/.miktex/texmfs/install/tex/latex/graphics/graphics.sty
Package: graphics 2020/08/30 v1.4c Standard LaTeX Graphics (DPC,SPQR)

(/home/wei/.miktex/texmfs/install/tex/latex/graphics/trig.sty
Package: trig 2016/01/03 v1.10 sin cos tan (DPC)
)
(/home/wei/.miktex/texmfs/install/tex/latex/graphics-cfg/graphics.cfg
File: graphics.cfg 2016/06/04 v1.11 sample graphics configuration
)
Package graphics Info: Driver file: pdftex.def on input line 105.

(/home/wei/.miktex/texmfs/install/tex/latex/graphics-def/pdftex.def
File: pdftex.def 2020/10/05 v1.2a Graphics/color driver for pdftex
))
\Gin@req@height=\dimen140
\Gin@req@width=\dimen141
)
(/home/wei/.miktex/texmfs/install/tex/latex/koma-script/scrhack.sty
Package: scrhack 2020/09/21 v3.32 KOMA-Script package (hacking other packages)

(/home/wei/.miktex/texmfs/install/tex/latex/xpatch/xpatch.sty
Package: xpatch 2020/03/25 v0.3a Extending etoolbox patching commands
))
(/home/wei/.miktex/texmfs/install/tex/latex/listings/listings.sty
\lst@mode=\count390
\lst@gtempboxa=\box50
\lst@token=\toks19
\lst@length=\count391
\lst@currlwidth=\dimen142
\lst@column=\count392
\lst@pos=\count393
\lst@lostspace=\dimen143
\lst@width=\dimen144
\lst@newlines=\count394
\lst@lineno=\count395
\lst@maxwidth=\dimen145

(/home/wei/.miktex/texmfs/install/tex/latex/listings/lstmisc.sty
File: lstmisc.sty 2020/03/24 1.8d (Carsten Heinz)
\c@lstnumber=\count396
\lst@skipnumbers=\count397
\lst@framebox=\box51
)
(/home/wei/.miktex/texmfs/install/tex/latex/listings/listings.cfg
File: listings.cfg 2020/03/24 1.8d listings configuration
))
Package scrhack Info: loading listings hack on input line 21.

(/home/wei/.miktex/texmfs/install/tex/latex/koma-script/listings.hak
File: listings.hak 2020/09/21 v3.32 KOMA-Script scrhack part (hacking package l
istings)
Package tocbasic Info: setting babel extension for `lol' on input line 143.
Package scrhack Info: redefining \lstlistoflistings on input line 143.
)
Package: listings 2020/03/24 1.8d (Carsten Heinz)

(/home/wei/.miktex/texmfs/install/tex/latex/lstaddons/lstautogobble.sty
Package: lstautogobble 2012/05/03 v0.1 Implements 'autogobble' option for 'list
ings'
\lstag@spacecount=\count398
)
(/home/wei/.miktex/texmfs/install/tex/latex/pgf/frontendlayer/tikz.sty
(/home/wei/.miktex/texmfs/install/tex/latex/pgf/basiclayer/pgf.sty
(/home/wei/.miktex/texmfs/install/tex/latex/pgf/utilities/pgfrcs.sty
(/home/wei/.miktex/texmfs/install/tex/generic/pgf/utilities/pgfutil-common.tex
\pgfutil@everybye=\toks20
\pgfutil@tempdima=\dimen146
\pgfutil@tempdimb=\dimen147

(/home/wei/.miktex/texmfs/install/tex/generic/pgf/utilities/pgfutil-common-list
s.tex))
(/home/wei/.miktex/texmfs/install/tex/generic/pgf/utilities/pgfutil-latex.def
\pgfutil@abb=\box52
)
(/home/wei/.miktex/texmfs/install/tex/generic/pgf/utilities/pgfrcs.code.tex
(/home/wei/.miktex/texmfs/install/tex/generic/pgf/pgf.revision.tex)
Package: pgfrcs 2020/12/01 v3.1.7a (3.1.7a)
))
Package: pgf 2020/12/01 v3.1.7a (3.1.7a)

(/home/wei/.miktex/texmfs/install/tex/latex/pgf/basiclayer/pgfcore.sty
(/home/wei/.miktex/texmfs/install/tex/latex/pgf/systemlayer/pgfsys.sty
(/home/wei/.miktex/texmfs/install/tex/generic/pgf/systemlayer/pgfsys.code.tex
Package: pgfsys 2020/12/01 v3.1.7a (3.1.7a)

(/home/wei/.miktex/texmfs/install/tex/generic/pgf/utilities/pgfkeys.code.tex
\pgfkeys@pathtoks=\toks21
\pgfkeys@temptoks=\toks22

(/home/wei/.miktex/texmfs/install/tex/generic/pgf/utilities/pgfkeysfiltered.cod
e.tex
\pgfkeys@tmptoks=\toks23
))
\pgf@x=\dimen148
\pgf@y=\dimen149
\pgf@xa=\dimen150
\pgf@ya=\dimen151
\pgf@xb=\dimen152
\pgf@yb=\dimen153
\pgf@xc=\dimen154
\pgf@yc=\dimen155
\pgf@xd=\dimen156
\pgf@yd=\dimen157
\w@pgf@writea=\write4
\r@pgf@reada=\read4
\c@pgf@counta=\count399
\c@pgf@countb=\count400
\c@pgf@countc=\count401
\c@pgf@countd=\count402
\t@pgf@toka=\toks24
\t@pgf@tokb=\toks25
\t@pgf@tokc=\toks26
\pgf@sys@id@count=\count403
 (/home/wei/.miktex/texmfs/install/tex/generic/pgf/systemlayer/pgf.cfg
File: pgf.cfg 2020/12/01 v3.1.7a (3.1.7a)
)
Driver file for pgf: pgfsys-pdftex.def

(/home/wei/.miktex/texmfs/install/tex/generic/pgf/systemlayer/pgfsys-pdftex.def
File: pgfsys-pdftex.def 2020/12/01 v3.1.7a (3.1.7a)

(/home/wei/.miktex/texmfs/install/tex/generic/pgf/systemlayer/pgfsys-common-pdf
.def
File: pgfsys-common-pdf.def 2020/12/01 v3.1.7a (3.1.7a)
)))
(/home/wei/.miktex/texmfs/install/tex/generic/pgf/systemlayer/pgfsyssoftpath.co
de.tex
File: pgfsyssoftpath.code.tex 2020/12/01 v3.1.7a (3.1.7a)
\pgfsyssoftpath@smallbuffer@items=\count404
\pgfsyssoftpath@bigbuffer@items=\count405
)
(/home/wei/.miktex/texmfs/install/tex/generic/pgf/systemlayer/pgfsysprotocol.co
de.tex
File: pgfsysprotocol.code.tex 2020/12/01 v3.1.7a (3.1.7a)
)) (/home/wei/.miktex/texmfs/install/tex/latex/xcolor/xcolor.sty
Package: xcolor 2016/05/11 v2.12 LaTeX color extensions (UK)

(/home/wei/.miktex/texmfs/install/tex/latex/graphics-cfg/color.cfg
File: color.cfg 2016/01/02 v1.6 sample color configuration
)
Package xcolor Info: Driver file: pdftex.def on input line 225.

(/home/wei/.miktex/texmfs/install/tex/latex/colortbl/colortbl.sty
Package: colortbl 2020/01/04 v1.0e Color table columns (DPC)

(/home/wei/.miktex/texmfs/install/tex/latex/latex-tools/array.sty
Package: array 2020/10/01 v2.5c Tabular extension package (FMi)
\col@sep=\dimen158
\ar@mcellbox=\box53
\extrarowheight=\dimen159
\NC@list=\toks27
\extratabsurround=\skip86
\backup@length=\skip87
\ar@cellbox=\box54
)
\everycr=\toks28
\minrowclearance=\skip88
)
\rownum=\count406
Package xcolor Info: Model `cmy' substituted by `cmy0' on input line 1348.
Package xcolor Info: Model `hsb' substituted by `rgb' on input line 1352.
Package xcolor Info: Model `RGB' extended on input line 1364.
Package xcolor Info: Model `HTML' substituted by `rgb' on input line 1366.
Package xcolor Info: Model `Hsb' substituted by `hsb' on input line 1367.
Package xcolor Info: Model `tHsb' substituted by `hsb' on input line 1368.
Package xcolor Info: Model `HSB' substituted by `hsb' on input line 1369.
Package xcolor Info: Model `Gray' substituted by `gray' on input line 1370.
Package xcolor Info: Model `wave' substituted by `hsb' on input line 1371.

(/home/wei/.miktex/texmfs/install/tex/latex/graphics/dvipsnam.def
File: dvipsnam.def 2016/06/17 v3.0m Driver-dependent file (DPC,SPQR)
)
(/home/wei/.miktex/texmfs/install/tex/latex/xcolor/svgnam.def
File: svgnam.def 2016/05/11 v2.12 Predefined colors according to SVG 1.1 (UK)
))
(/home/wei/.miktex/texmfs/install/tex/generic/pgf/basiclayer/pgfcore.code.tex
Package: pgfcore 2020/12/01 v3.1.7a (3.1.7a)

(/home/wei/.miktex/texmfs/install/tex/generic/pgf/math/pgfmath.code.tex
(/home/wei/.miktex/texmfs/install/tex/generic/pgf/math/pgfmathcalc.code.tex
(/home/wei/.miktex/texmfs/install/tex/generic/pgf/math/pgfmathutil.code.tex)
(/home/wei/.miktex/texmfs/install/tex/generic/pgf/math/pgfmathparser.code.tex
\pgfmath@dimen=\dimen160
\pgfmath@count=\count407
\pgfmath@box=\box55
\pgfmath@toks=\toks29
\pgfmath@stack@operand=\toks30
\pgfmath@stack@operation=\toks31
)
(/home/wei/.miktex/texmfs/install/tex/generic/pgf/math/pgfmathfunctions.code.te
x
(/home/wei/.miktex/texmfs/install/tex/generic/pgf/math/pgfmathfunctions.basic.c
ode.tex)
(/home/wei/.miktex/texmfs/install/tex/generic/pgf/math/pgfmathfunctions.trigono
metric.code.tex)
(/home/wei/.miktex/texmfs/install/tex/generic/pgf/math/pgfmathfunctions.random.
code.tex)
(/home/wei/.miktex/texmfs/install/tex/generic/pgf/math/pgfmathfunctions.compari
son.code.tex)
(/home/wei/.miktex/texmfs/install/tex/generic/pgf/math/pgfmathfunctions.base.co
de.tex)
(/home/wei/.miktex/texmfs/install/tex/generic/pgf/math/pgfmathfunctions.round.c
ode.tex)
(/home/wei/.miktex/texmfs/install/tex/generic/pgf/math/pgfmathfunctions.misc.co
de.tex)
(/home/wei/.miktex/texmfs/install/tex/generic/pgf/math/pgfmathfunctions.integer
arithmetics.code.tex)))
(/home/wei/.miktex/texmfs/install/tex/generic/pgf/math/pgfmathfloat.code.tex
\c@pgfmathroundto@lastzeros=\count408
))
(/home/wei/.miktex/texmfs/install/tex/generic/pgf/math/pgfint.code.tex)
(/home/wei/.miktex/texmfs/install/tex/generic/pgf/basiclayer/pgfcorepoints.code
.tex
File: pgfcorepoints.code.tex 2020/12/01 v3.1.7a (3.1.7a)
\pgf@picminx=\dimen161
\pgf@picmaxx=\dimen162
\pgf@picminy=\dimen163
\pgf@picmaxy=\dimen164
\pgf@pathminx=\dimen165
\pgf@pathmaxx=\dimen166
\pgf@pathminy=\dimen167
\pgf@pathmaxy=\dimen168
\pgf@xx=\dimen169
\pgf@xy=\dimen170
\pgf@yx=\dimen171
\pgf@yy=\dimen172
\pgf@zx=\dimen173
\pgf@zy=\dimen174
)
(/home/wei/.miktex/texmfs/install/tex/generic/pgf/basiclayer/pgfcorepathconstru
ct.code.tex
File: pgfcorepathconstruct.code.tex 2020/12/01 v3.1.7a (3.1.7a)
\pgf@path@lastx=\dimen175
\pgf@path@lasty=\dimen176
)
(/home/wei/.miktex/texmfs/install/tex/generic/pgf/basiclayer/pgfcorepathusage.c
ode.tex
File: pgfcorepathusage.code.tex 2020/12/01 v3.1.7a (3.1.7a)
\pgf@shorten@end@additional=\dimen177
\pgf@shorten@start@additional=\dimen178
)
(/home/wei/.miktex/texmfs/install/tex/generic/pgf/basiclayer/pgfcorescopes.code
.tex
File: pgfcorescopes.code.tex 2020/12/01 v3.1.7a (3.1.7a)
\pgfpic=\box56
\pgf@hbox=\box57
\pgf@layerbox@main=\box58
\pgf@picture@serial@count=\count409
)
(/home/wei/.miktex/texmfs/install/tex/generic/pgf/basiclayer/pgfcoregraphicstat
e.code.tex
File: pgfcoregraphicstate.code.tex 2020/12/01 v3.1.7a (3.1.7a)
\pgflinewidth=\dimen179
)
(/home/wei/.miktex/texmfs/install/tex/generic/pgf/basiclayer/pgfcoretransformat
ions.code.tex
File: pgfcoretransformations.code.tex 2020/12/01 v3.1.7a (3.1.7a)
\pgf@pt@x=\dimen180
\pgf@pt@y=\dimen181
\pgf@pt@temp=\dimen182
)
(/home/wei/.miktex/texmfs/install/tex/generic/pgf/basiclayer/pgfcorequick.code.
tex
File: pgfcorequick.code.tex 2020/12/01 v3.1.7a (3.1.7a)
)
(/home/wei/.miktex/texmfs/install/tex/generic/pgf/basiclayer/pgfcoreobjects.cod
e.tex
File: pgfcoreobjects.code.tex 2020/12/01 v3.1.7a (3.1.7a)
)
(/home/wei/.miktex/texmfs/install/tex/generic/pgf/basiclayer/pgfcorepathprocess
ing.code.tex
File: pgfcorepathprocessing.code.tex 2020/12/01 v3.1.7a (3.1.7a)
)
(/home/wei/.miktex/texmfs/install/tex/generic/pgf/basiclayer/pgfcorearrows.code
.tex
File: pgfcorearrows.code.tex 2020/12/01 v3.1.7a (3.1.7a)
\pgfarrowsep=\dimen183
)
(/home/wei/.miktex/texmfs/install/tex/generic/pgf/basiclayer/pgfcoreshade.code.
tex
File: pgfcoreshade.code.tex 2020/12/01 v3.1.7a (3.1.7a)
\pgf@max=\dimen184
\pgf@sys@shading@range@num=\count410
\pgf@shadingcount=\count411
)
(/home/wei/.miktex/texmfs/install/tex/generic/pgf/basiclayer/pgfcoreimage.code.
tex
File: pgfcoreimage.code.tex 2020/12/01 v3.1.7a (3.1.7a)

(/home/wei/.miktex/texmfs/install/tex/generic/pgf/basiclayer/pgfcoreexternal.co
de.tex
File: pgfcoreexternal.code.tex 2020/12/01 v3.1.7a (3.1.7a)
\pgfexternal@startupbox=\box59
))
(/home/wei/.miktex/texmfs/install/tex/generic/pgf/basiclayer/pgfcorelayers.code
.tex
File: pgfcorelayers.code.tex 2020/12/01 v3.1.7a (3.1.7a)
)
(/home/wei/.miktex/texmfs/install/tex/generic/pgf/basiclayer/pgfcoretransparenc
y.code.tex
File: pgfcoretransparency.code.tex 2020/12/01 v3.1.7a (3.1.7a)
)
(/home/wei/.miktex/texmfs/install/tex/generic/pgf/basiclayer/pgfcorepatterns.co
de.tex
File: pgfcorepatterns.code.tex 2020/12/01 v3.1.7a (3.1.7a)
)
(/home/wei/.miktex/texmfs/install/tex/generic/pgf/basiclayer/pgfcorerdf.code.te
x
File: pgfcorerdf.code.tex 2020/12/01 v3.1.7a (3.1.7a)
)))
(/home/wei/.miktex/texmfs/install/tex/generic/pgf/modules/pgfmoduleshapes.code.
tex
File: pgfmoduleshapes.code.tex 2020/12/01 v3.1.7a (3.1.7a)
\pgfnodeparttextbox=\box60
)
(/home/wei/.miktex/texmfs/install/tex/generic/pgf/modules/pgfmoduleplot.code.te
x
File: pgfmoduleplot.code.tex 2020/12/01 v3.1.7a (3.1.7a)
)
(/home/wei/.miktex/texmfs/install/tex/latex/pgf/compatibility/pgfcomp-version-0
-65.sty
Package: pgfcomp-version-0-65 2020/12/01 v3.1.7a (3.1.7a)
\pgf@nodesepstart=\dimen185
\pgf@nodesepend=\dimen186
)
(/home/wei/.miktex/texmfs/install/tex/latex/pgf/compatibility/pgfcomp-version-1
-18.sty
Package: pgfcomp-version-1-18 2020/12/01 v3.1.7a (3.1.7a)
)) (/home/wei/.miktex/texmfs/install/tex/latex/pgf/utilities/pgffor.sty
(/home/wei/.miktex/texmfs/install/tex/latex/pgf/utilities/pgfkeys.sty
(/home/wei/.miktex/texmfs/install/tex/generic/pgf/utilities/pgfkeys.code.tex))
(/home/wei/.miktex/texmfs/install/tex/latex/pgf/math/pgfmath.sty
(/home/wei/.miktex/texmfs/install/tex/generic/pgf/math/pgfmath.code.tex))
(/home/wei/.miktex/texmfs/install/tex/generic/pgf/utilities/pgffor.code.tex
Package: pgffor 2020/12/01 v3.1.7a (3.1.7a)

(/home/wei/.miktex/texmfs/install/tex/generic/pgf/math/pgfmath.code.tex)
\pgffor@iter=\dimen187
\pgffor@skip=\dimen188
\pgffor@stack=\toks32
\pgffor@toks=\toks33
))
(/home/wei/.miktex/texmfs/install/tex/generic/pgf/frontendlayer/tikz/tikz.code.
tex
Package: tikz 2020/12/01 v3.1.7a (3.1.7a)

(/home/wei/.miktex/texmfs/install/tex/generic/pgf/libraries/pgflibraryplothandl
ers.code.tex
File: pgflibraryplothandlers.code.tex 2020/12/01 v3.1.7a (3.1.7a)
\pgf@plot@mark@count=\count412
\pgfplotmarksize=\dimen189
)
\tikz@lastx=\dimen190
\tikz@lasty=\dimen191
\tikz@lastxsaved=\dimen192
\tikz@lastysaved=\dimen193
\tikz@lastmovetox=\dimen194
\tikz@lastmovetoy=\dimen195
\tikzleveldistance=\dimen196
\tikzsiblingdistance=\dimen197
\tikz@figbox=\box61
\tikz@figbox@bg=\box62
\tikz@tempbox=\box63
\tikz@tempbox@bg=\box64
\tikztreelevel=\count413
\tikznumberofchildren=\count414
\tikznumberofcurrentchild=\count415
\tikz@fig@count=\count416

(/home/wei/.miktex/texmfs/install/tex/generic/pgf/modules/pgfmodulematrix.code.
tex
File: pgfmodulematrix.code.tex 2020/12/01 v3.1.7a (3.1.7a)
\pgfmatrixcurrentrow=\count417
\pgfmatrixcurrentcolumn=\count418
\pgf@matrix@numberofcolumns=\count419
)
\tikz@expandcount=\count420

(/home/wei/.miktex/texmfs/install/tex/generic/pgf/frontendlayer/tikz/libraries/
tikzlibrarytopaths.code.tex
File: tikzlibrarytopaths.code.tex 2020/12/01 v3.1.7a (3.1.7a)
)))
(/home/wei/.miktex/texmfs/install/tex/latex/pgfplots/pgfplots.sty
(/home/wei/.miktex/texmfs/install/tex/generic/pgfplots/pgfplots.revision.tex)
Package: pgfplots 2020/02/29 v1.17 Data Visualization (1.17)

(/home/wei/.miktex/texmfs/install/tex/generic/pgfplots/pgfplots.code.tex
(/home/wei/.miktex/texmfs/install/tex/generic/pgfplots/pgfplotscore.code.tex
\t@pgfplots@toka=\toks34
\t@pgfplots@tokb=\toks35
\t@pgfplots@tokc=\toks36
\pgfplots@tmpa=\dimen198
\c@pgfplots@coordindex=\count421
\c@pgfplots@scanlineindex=\count422

(/home/wei/.miktex/texmfs/install/tex/generic/pgfplots/sys/pgfplotssysgeneric.c
ode.tex))
(/home/wei/.miktex/texmfs/install/tex/generic/pgfplots/libs/pgfplotslibrary.cod
e.tex)
(/home/wei/.miktex/texmfs/install/tex/generic/pgfplots/oldpgfcompatib/pgfplotso
ldpgfsupp_loader.code.tex
(/home/wei/.miktex/texmfs/install/tex/generic/pgf/libraries/pgflibraryfpu.code.
tex))
(/home/wei/.miktex/texmfs/install/tex/generic/pgfplots/util/pgfplotsutil.code.t
ex
(/home/wei/.miktex/texmfs/install/tex/generic/pgfplots/liststructure/pgfplotsli
ststructure.code.tex)
(/home/wei/.miktex/texmfs/install/tex/generic/pgfplots/liststructure/pgfplotsli
ststructureext.code.tex)
(/home/wei/.miktex/texmfs/install/tex/generic/pgfplots/liststructure/pgfplotsar
ray.code.tex
\c@pgfplotsarray@tmp=\count423
)
(/home/wei/.miktex/texmfs/install/tex/generic/pgfplots/liststructure/pgfplotsma
trix.code.tex)
(/home/wei/.miktex/texmfs/install/tex/generic/pgfplots/numtable/pgfplotstablesh
ared.code.tex
\c@pgfplotstable@counta=\count424
\t@pgfplotstable@a=\toks37
)
(/home/wei/.miktex/texmfs/install/tex/generic/pgfplots/liststructure/pgfplotsde
que.code.tex)
(/home/wei/.miktex/texmfs/install/tex/generic/pgfplots/util/pgfplotsbinary.code
.tex
(/home/wei/.miktex/texmfs/install/tex/generic/pgfplots/util/pgfplotsbinary.data
.code.tex))
(/home/wei/.miktex/texmfs/install/tex/generic/pgfplots/util/pgfplotsutil.verb.c
ode.tex)
(/home/wei/.miktex/texmfs/install/tex/generic/pgfplots/libs/pgflibrarypgfplots.
surfshading.code.tex
\c@pgfplotslibrarysurf@no=\count425

(/home/wei/.miktex/texmfs/install/tex/generic/pgfplots/sys/pgflibrarypgfplots.s
urfshading.pgfsys-pdftex.def)))
(/home/wei/.miktex/texmfs/install/tex/generic/pgfplots/util/pgfplotscolormap.co
de.tex
(/home/wei/.miktex/texmfs/install/tex/generic/pgfplots/util/pgfplotscolor.code.
tex))
(/home/wei/.miktex/texmfs/install/tex/generic/pgfplots/pgfplotsstackedplots.cod
e.tex)
(/home/wei/.miktex/texmfs/install/tex/generic/pgfplots/pgfplotsplothandlers.cod
e.tex
(/home/wei/.miktex/texmfs/install/tex/generic/pgfplots/pgfplotsmeshplothandler.
code.tex
(/home/wei/.miktex/texmfs/install/tex/generic/pgfplots/pgfplotsmeshplotimage.co
de.tex)))
(/home/wei/.miktex/texmfs/install/tex/generic/pgfplots/pgfplots.scaling.code.te
x)
(/home/wei/.miktex/texmfs/install/tex/generic/pgfplots/pgfplotscoordprocessing.
code.tex)
(/home/wei/.miktex/texmfs/install/tex/generic/pgfplots/pgfplots.errorbars.code.
tex)
(/home/wei/.miktex/texmfs/install/tex/generic/pgfplots/pgfplots.markers.code.te
x)
(/home/wei/.miktex/texmfs/install/tex/generic/pgfplots/pgfplotsticks.code.tex)
(/home/wei/.miktex/texmfs/install/tex/generic/pgfplots/pgfplots.paths.code.tex)

(/home/wei/.miktex/texmfs/install/tex/generic/pgf/frontendlayer/tikz/libraries/
tikzlibrarydecorations.code.tex
(/home/wei/.miktex/texmfs/install/tex/generic/pgf/modules/pgfmoduledecorations.
code.tex
\pgfdecoratedcompleteddistance=\dimen199
\pgfdecoratedremainingdistance=\dimen256
\pgfdecoratedinputsegmentcompleteddistance=\dimen257
\pgfdecoratedinputsegmentremainingdistance=\dimen258
\pgf@decorate@distancetomove=\dimen259
\pgf@decorate@repeatstate=\count426
\pgfdecorationsegmentamplitude=\dimen260
\pgfdecorationsegmentlength=\dimen261
)
\tikz@lib@dec@box=\box65
)
(/home/wei/.miktex/texmfs/install/tex/generic/pgf/frontendlayer/tikz/libraries/
tikzlibrarydecorations.pathmorphing.code.tex
(/home/wei/.miktex/texmfs/install/tex/generic/pgf/libraries/decorations/pgflibr
arydecorations.pathmorphing.code.tex))
(/home/wei/.miktex/texmfs/install/tex/generic/pgf/frontendlayer/tikz/libraries/
tikzlibrarydecorations.pathreplacing.code.tex
(/home/wei/.miktex/texmfs/install/tex/generic/pgf/libraries/decorations/pgflibr
arydecorations.pathreplacing.code.tex))
\pgfplots@numplots=\count427
\pgfplots@xmin@reg=\dimen262
\pgfplots@xmax@reg=\dimen263
\pgfplots@ymin@reg=\dimen264
\pgfplots@ymax@reg=\dimen265
\pgfplots@zmin@reg=\dimen266
\pgfplots@zmax@reg=\dimen267
)
(/home/wei/.miktex/texmfs/install/tex/generic/pgf/frontendlayer/tikz/libraries/
tikzlibraryplotmarks.code.tex
File: tikzlibraryplotmarks.code.tex 2020/12/01 v3.1.7a (3.1.7a)

(/home/wei/.miktex/texmfs/install/tex/generic/pgf/libraries/pgflibraryplotmarks
.code.tex
File: pgflibraryplotmarks.code.tex 2020/12/01 v3.1.7a (3.1.7a)
)))
(/home/wei/.miktex/texmfs/install/tex/latex/pgfplots/pgfplotstable.sty
(/home/wei/.miktex/texmfs/install/tex/generic/pgfplots/pgfplots.revision.tex)
Package: pgfplotstable 2020/02/29 v1.17 Table typesetting and Pretty-printing (
1.17)

(/home/wei/.miktex/texmfs/install/tex/generic/pgfplots/numtable/pgfplotstable.c
ode.tex
(/home/wei/.miktex/texmfs/install/tex/generic/pgfplots/numtable/pgfplotstable.c
oltype.code.tex)))
(/home/wei/.miktex/texmfs/install/tex/latex/booktabs/booktabs.sty
Package: booktabs 2020/01/12 v1.61803398 Publication quality tables
\heavyrulewidth=\dimen268
\lightrulewidth=\dimen269
\cmidrulewidth=\dimen270
\belowrulesep=\dimen271
\belowbottomsep=\dimen272
\aboverulesep=\dimen273
\abovetopsep=\dimen274
\cmidrulesep=\dimen275
\cmidrulekern=\dimen276
\defaultaddspace=\dimen277
\@cmidla=\count428
\@cmidlb=\count429
\@aboverulesep=\dimen278
\@belowrulesep=\dimen279
\@thisruleclass=\count430
\@lastruleclass=\count431
\@thisrulewidth=\dimen280
)
(/home/wei/.miktex/texmfs/install/tex/latex/microtype/microtype.sty
Package: microtype 2019/11/18 v2.7d Micro-typographical refinements (RS)
\MT@toks=\toks38
\MT@count=\count432
LaTeX Info: Redefining \textls on input line 790.
\MT@outer@kern=\dimen281
LaTeX Info: Redefining \textmicrotypecontext on input line 1354.
\MT@listname@count=\count433

(/home/wei/.miktex/texmfs/install/tex/latex/microtype/microtype-pdftex.def
File: microtype-pdftex.def 2019/11/18 v2.7d Definitions specific to pdftex (RS)

LaTeX Info: Redefining \lsstyle on input line 914.
LaTeX Info: Redefining \lslig on input line 914.
\MT@outer@space=\skip89
)
Package microtype Info: Loading configuration file microtype.cfg.

(/home/wei/.miktex/texmfs/install/tex/latex/microtype/microtype.cfg
File: microtype.cfg 2019/11/18 v2.7d microtype main configuration file (RS)
))
(/home/wei/.miktex/texmfs/install/tex/latex/caption/caption.sty
Package: caption 2020/10/26 v3.5g Customizing captions (AR)

(/home/wei/.miktex/texmfs/install/tex/latex/caption/caption3.sty
Package: caption3 2020/10/21 v2.2e caption3 kernel (AR)
\captionmargin=\dimen282
\captionmargin@=\dimen283
\captionwidth=\dimen284
\caption@tempdima=\dimen285
\caption@indent=\dimen286
\caption@parindent=\dimen287
\caption@hangindent=\dimen288
Package caption Info: KOMA-Script document class detected.

(/home/wei/.miktex/texmfs/install/tex/latex/caption/caption-koma.sto
File: caption-koma.sto 2020/09/21 v2.0b Adaption of the caption package to the 
KOMA-Script document classes (AR)
))
\c@caption@flags=\count434
\c@continuedfloat=\count435
Package caption Info: listings package is loaded.
)
Package scrhack Info: hyperref hack deactivated because of
(scrhack)             detection of KOMA-Script class, that doesn't
(scrhack)             need that hack, on input line 29.

(/home/wei/.miktex/texmfs/install/tex/latex/hyperref/hyperref.sty
Package: hyperref 2020-05-15 v7.00e Hypertext links for LaTeX

(/home/wei/.miktex/texmfs/install/tex/generic/kvdefinekeys/kvdefinekeys.sty
Package: kvdefinekeys 2019-12-19 v1.6 Define keys (HO)
)
(/home/wei/.miktex/texmfs/install/tex/generic/pdfescape/pdfescape.sty
Package: pdfescape 2019/12/09 v1.15 Implements pdfTeX's escape features (HO)
)
(/home/wei/.miktex/texmfs/install/tex/latex/hycolor/hycolor.sty
Package: hycolor 2020-01-27 v1.10 Color options for hyperref/bookmark (HO)
)
(/home/wei/.miktex/texmfs/install/tex/latex/letltxmacro/letltxmacro.sty
Package: letltxmacro 2019/12/03 v1.6 Let assignment for LaTeX macros (HO)
)
(/home/wei/.miktex/texmfs/install/tex/latex/auxhook/auxhook.sty
Package: auxhook 2019-12-17 v1.6 Hooks for auxiliary files (HO)
)
\@linkdim=\dimen289
\Hy@linkcounter=\count436
\Hy@pagecounter=\count437

(/home/wei/.miktex/texmfs/install/tex/latex/hyperref/pd1enc.def
File: pd1enc.def 2020-05-15 v7.00e Hyperref: PDFDocEncoding definition (HO)
Now handling font encoding PD1 ...
... no UTF-8 mapping file for font encoding PD1
)
(/home/wei/.miktex/texmfs/install/tex/generic/intcalc/intcalc.sty
Package: intcalc 2019/12/15 v1.3 Expandable calculations with integers (HO)
)
(/home/wei/.miktex/texmfs/install/tex/generic/etexcmds/etexcmds.sty
Package: etexcmds 2019/12/15 v1.7 Avoid name clashes with e-TeX commands (HO)
)
\Hy@SavedSpaceFactor=\count438
Package hyperref Info: Hyper figures OFF on input line 4464.
Package hyperref Info: Link nesting OFF on input line 4469.
Package hyperref Info: Hyper index ON on input line 4472.
Package hyperref Info: Plain pages OFF on input line 4479.
Package hyperref Info: Backreferencing OFF on input line 4484.
Package hyperref Info: Implicit mode ON; LaTeX internals redefined.
Package hyperref Info: Bookmarks ON on input line 4717.
\c@Hy@tempcnt=\count439
LaTeX Info: Redefining \url on input line 5076.
\XeTeXLinkMargin=\dimen290

(/home/wei/.miktex/texmfs/install/tex/generic/bitset/bitset.sty
Package: bitset 2019/12/09 v1.3 Handle bit-vector datatype (HO)

(/home/wei/.miktex/texmfs/install/tex/generic/bigintcalc/bigintcalc.sty
Package: bigintcalc 2019/12/15 v1.5 Expandable calculations on big integers (HO
)
))
\Fld@menulength=\count440
\Field@Width=\dimen291
\Fld@charsize=\dimen292
Package hyperref Info: Hyper figures OFF on input line 6347.
Package hyperref Info: Link nesting OFF on input line 6352.
Package hyperref Info: Hyper index ON on input line 6355.
Package hyperref Info: backreferencing OFF on input line 6362.
Package hyperref Info: Link coloring OFF on input line 6367.
Package hyperref Info: Link coloring with OCG OFF on input line 6372.
Package hyperref Info: PDF/A mode OFF on input line 6377.
LaTeX Info: Redefining \ref on input line 6417.
LaTeX Info: Redefining \pageref on input line 6421.

(/home/wei/.miktex/texmfs/install/tex/latex/base/atbegshi-ltx.sty
Package: atbegshi-ltx 2020/08/17 v1.0a Emulation of the original atbegshi packa
ge
with kernel methods
)
\Hy@abspage=\count441
\c@Item=\count442
\c@Hfootnote=\count443
)
Package hyperref Info: Driver (autodetected): hpdftex.

(/home/wei/.miktex/texmfs/install/tex/latex/hyperref/hpdftex.def
File: hpdftex.def 2020-05-15 v7.00e Hyperref driver for pdfTeX

(/home/wei/.miktex/texmfs/install/tex/latex/base/atveryend-ltx.sty
Package: atveryend-ltx 2020/08/19 v1.0a Emulation of the original atvery packag
e
with kernel methods
)
\Fld@listcount=\count444
\c@bookmark@seq@number=\count445

(/home/wei/.miktex/texmfs/install/tex/latex/rerunfilecheck/rerunfilecheck.sty
Package: rerunfilecheck 2019/12/05 v1.9 Rerun checks for auxiliary files (HO)

(/home/wei/.miktex/texmfs/install/tex/generic/uniquecounter/uniquecounter.sty
Package: uniquecounter 2019/12/15 v1.4 Provide unlimited unique counter (HO)
)
Package uniquecounter Info: New unique counter `rerunfilecheck' on input line 2
86.
)
\Hy@SectionHShift=\skip90
) (/home/wei/.miktex/texmfs/install/tex/latex/amsmath/amsmath.sty
Package: amsmath 2020/09/23 v2.17i AMS math features
\@mathmargin=\skip91

For additional information on amsmath, use the `?' option.
(/home/wei/.miktex/texmfs/install/tex/latex/amsmath/amstext.sty
Package: amstext 2000/06/29 v2.01 AMS text

(/home/wei/.miktex/texmfs/install/tex/latex/amsmath/amsgen.sty
File: amsgen.sty 1999/11/30 v2.0 generic functions
\@emptytoks=\toks39
\ex@=\dimen293
))
(/home/wei/.miktex/texmfs/install/tex/latex/amsmath/amsbsy.sty
Package: amsbsy 1999/11/29 v1.2d Bold Symbols
\pmbraise@=\dimen294
)
(/home/wei/.miktex/texmfs/install/tex/latex/amsmath/amsopn.sty
Package: amsopn 2016/03/08 v2.02 operator names
)
\inf@bad=\count446
LaTeX Info: Redefining \frac on input line 234.
\uproot@=\count447
\leftroot@=\count448
LaTeX Info: Redefining \overline on input line 399.
\classnum@=\count449
\DOTSCASE@=\count450
LaTeX Info: Redefining \ldots on input line 496.
LaTeX Info: Redefining \dots on input line 499.
LaTeX Info: Redefining \cdots on input line 620.
\Mathstrutbox@=\box66
\strutbox@=\box67
\big@size=\dimen295
LaTeX Font Info:    Redeclaring font encoding OML on input line 743.
LaTeX Font Info:    Redeclaring font encoding OMS on input line 744.
\macc@depth=\count451
\c@MaxMatrixCols=\count452
\dotsspace@=\muskip21
\c@parentequation=\count453
\dspbrk@lvl=\count454
\tag@help=\toks40
\row@=\count455
\column@=\count456
\maxfields@=\count457
\andhelp@=\toks41
\eqnshift@=\dimen296
\alignsep@=\dimen297
\tagshift@=\dimen298
\tagwidth@=\dimen299
\totwidth@=\dimen300
\lineht@=\dimen301
\@envbody=\toks42
\multlinegap=\skip92
\multlinetaggap=\skip93
\mathdisplay@stack=\toks43
LaTeX Info: Redefining \[ on input line 2923.
LaTeX Info: Redefining \] on input line 2924.
)
(/home/wei/.miktex/texmfs/install/tex/latex/mathtools/mathtools.sty
Package: mathtools 2020/03/24 v1.24 mathematical typesetting tools

(/home/wei/.miktex/texmfs/install/tex/latex/latex-tools/calc.sty
Package: calc 2017/05/25 v4.3 Infix arithmetic (KKT,FJ)
\calc@Acount=\count458
\calc@Bcount=\count459
\calc@Adimen=\dimen302
\calc@Bdimen=\dimen303
\calc@Askip=\skip94
\calc@Bskip=\skip95
LaTeX Info: Redefining \setlength on input line 80.
LaTeX Info: Redefining \addtolength on input line 81.
\calc@Ccount=\count460
\calc@Cskip=\skip96
)
(/home/wei/.miktex/texmfs/install/tex/latex/mathtools/mhsetup.sty
Package: mhsetup 2017/03/31 v1.3 programming setup (MH)
)
LaTeX Info: Thecontrolsequence`\('isalreadyrobust on input line 130.
LaTeX Info: Thecontrolsequence`\)'isalreadyrobust on input line 130.
LaTeX Info: Thecontrolsequence`\['isalreadyrobust on input line 130.
LaTeX Info: Thecontrolsequence`\]'isalreadyrobust on input line 130.
\g_MT_multlinerow_int=\count461
\l_MT_multwidth_dim=\dimen304
\origjot=\skip97
\l_MT_shortvdotswithinadjustabove_dim=\dimen305
\l_MT_shortvdotswithinadjustbelow_dim=\dimen306
\l_MT_above_intertext_sep=\dimen307
\l_MT_below_intertext_sep=\dimen308
\l_MT_above_shortintertext_sep=\dimen309
\l_MT_below_shortintertext_sep=\dimen310
\xmathstrut@box=\box68
\xmathstrut@dim=\dimen311
)
(/home/wei/.miktex/texmfs/install/tex/latex/graphics/rotating.sty
Package: rotating 2016/08/11 v2.16d rotated objects in LaTeX
\c@r@tfl@t=\count462
\rotFPtop=\skip98
\rotFPbot=\skip99
\rot@float@box=\box69
\rot@mess@toks=\toks44
)
(/home/wei/.miktex/texmfs/install/tex/latex/latex-tools/bm.sty
Package: bm 2019/07/24 v1.2d Bold Symbol Support (DPC/FMi)
\symboldoperators=\mathgroup5
\symboldletters=\mathgroup6
\symboldsymbols=\mathgroup7
\symboldupright=\mathgroup8
LaTeX Font Info:    Redeclaring math alphabet \mathbf on input line 141.
LaTeX Info: Redefining \bm on input line 209.
))
Package csquotes Info: Checking for multilingual support...
Package csquotes Info: ... found 'babel' package.
LaTeX Font Info:    Trying to load font information for T1+pplx on input line 2
2.

(/home/wei/.miktex/texmfs/install/tex/latex/psnfss/t1pplx.fd
File: t1pplx.fd 2004/09/06 font definitions for T1/pplx.
) (main.aux

LaTeX Warning: Label `chapter:introduction' multiply defined.


LaTeX Warning: Label `eq:joint-definition' multiply defined.


LaTeX Warning: Label `ch5:coco-definition' multiply defined.


LaTeX Warning: Label `ch5:coco-definition' multiply defined.


LaTeX Warning: Label `eq:joint-heatmap' multiply defined.


LaTeX Warning: Label `fig:view-baseline' multiply defined.


LaTeX Warning: Label `fig:view-baseline' multiply defined.


LaTeX Warning: Label `chapter:introduction' multiply defined.


LaTeX Warning: Label `chapter:introduction' multiply defined.

)
\openout1 = `main.aux'.

LaTeX Font Info:    Checking defaults for OML/cmm/m/it on input line 22.
LaTeX Font Info:    ... okay on input line 22.
LaTeX Font Info:    Checking defaults for OMS/cmsy/m/n on input line 22.
LaTeX Font Info:    ... okay on input line 22.
LaTeX Font Info:    Checking defaults for OT1/cmr/m/n on input line 22.
LaTeX Font Info:    ... okay on input line 22.
LaTeX Font Info:    Checking defaults for T1/cmr/m/n on input line 22.
LaTeX Font Info:    ... okay on input line 22.
LaTeX Font Info:    Checking defaults for TS1/cmr/m/n on input line 22.
LaTeX Font Info:    ... okay on input line 22.
LaTeX Font Info:    Checking defaults for OMX/cmex/m/n on input line 22.
LaTeX Font Info:    ... okay on input line 22.
LaTeX Font Info:    Checking defaults for U/cmr/m/n on input line 22.
LaTeX Font Info:    ... okay on input line 22.
LaTeX Font Info:    Checking defaults for PD1/pdf/m/n on input line 22.
LaTeX Font Info:    ... okay on input line 22.
Package nag Info: pgf.sty is broken: disabling dollar check on input line 22.
Package nag Info: Command \RaggedLeft not defined, skipping amendment on input 
line 22.
Package nag Info: Command \RaggedRight not defined, skipping amendment on input
 line 22.
Package scrbase Info: activating american \contentsname on input line 22.
Package scrbase Info: activating american \listfigurename on input line 22.
Package scrbase Info: activating american \listtablename on input line 22.
Package biblatex Info: Trying to load language 'american'...
Package biblatex Info: ... file 'american.lbx' found.
 (/home/wei/.miktex/texmfs/install/tex/latex/biblatex/lbx/american.lbx
File: american.lbx 2020/08/23 v3.15a biblatex localization (PK/MW)
Package biblatex Info: Trying to load language 'english'...
Package biblatex Info: ... file 'english.lbx' found.

(/home/wei/.miktex/texmfs/install/tex/latex/biblatex/lbx/english.lbx
File: english.lbx 2020/08/23 v3.15a biblatex localization (PK/MW)
)
Package biblatex Info: Trying to load language 'english'...
Package biblatex Info: ... file 'english.lbx' found.

(/home/wei/.miktex/texmfs/install/tex/latex/biblatex/lbx/english.lbx
File: english.lbx 2020/08/23 v3.15a biblatex localization (PK/MW)
))
Package biblatex Info: Trying to load language 'ngerman'...
Package biblatex Info: ... file 'ngerman.lbx' found.

(/home/wei/.miktex/texmfs/install/tex/latex/biblatex/lbx/ngerman.lbx
File: ngerman.lbx 2020/08/23 v3.15a biblatex localization (PK/MW)
Package biblatex Info: Trying to load language 'german'...
Package biblatex Info: ... file 'german.lbx' found.

(/home/wei/.miktex/texmfs/install/tex/latex/biblatex/lbx/german.lbx
File: german.lbx 2020/08/23 v3.15a biblatex localization (PK/MW)
)
Package biblatex Info: Trying to load language 'german'...
Package biblatex Info: ... file 'german.lbx' found.

(/home/wei/.miktex/texmfs/install/tex/latex/biblatex/lbx/german.lbx
File: german.lbx 2020/08/23 v3.15a biblatex localization (PK/MW)
))
Package biblatex Info: Input encoding 'utf8' detected.
Package biblatex Info: Automatic encoding selection.
(biblatex)             Assuming data encoding 'utf8'.
\openout3 = `main.bcf'.

Package biblatex Info: Trying to load bibliographic data...
Package biblatex Info: ... file 'main.bbl' found.
 (main.bbl

Package biblatex Warning: The following entry could not be found
(biblatex)                in the database:
(biblatex)                latex
(biblatex)                Please verify the spelling and rerun
(biblatex)                LaTeX afterwards.

)
Package biblatex Info: Reference section=0 on input line 22.
Package biblatex Info: Reference segment=0 on input line 22.
 (/home/wei/.miktex/texmfs/install/tex/context/base/mkii/supp-pdf.mkii
[Loading MPS to PDF converter (version 2006.09.02).]
\scratchcounter=\count463
\scratchdimen=\dimen312
\scratchbox=\box70
\nofMPsegments=\count464
\nofMParguments=\count465
\everyMPshowfont=\toks45
\MPscratchCnt=\count466
\MPscratchDim=\dimen313
\MPnumerator=\count467
\makeMPintoPDFobject=\count468
\everyMPtoPDFconversion=\toks46
) (/home/wei/.miktex/texmfs/install/tex/latex/epstopdf-pkg/epstopdf-base.sty
Package: epstopdf-base 2020-01-24 v2.11 Base part for package epstopdf
Package epstopdf-base Info: Redefining graphics rule for `.eps' on input line 4
85.
)
\c@lstlisting=\count469
Package scrhack Info: undefining \float@addtolists on input line 22.

Package pgfplots notification 'compat/show suggested version=true': document ha
s been generated with the most recent feature set (\pgfplotsset{compat=1.17}).

LaTeX Info: Redefining \microtypecontext on input line 22.
Package microtype Info: Generating PDF output.
Package microtype Info: Character protrusion enabled (level 2).
Package microtype Info: Using default protrusion set `alltext'.
Package microtype Info: Automatic font expansion enabled (level 2),
(microtype)             stretch: 20, shrink: 20, step: 1, non-selected.
Package microtype Info: Using default expansion set `basictext'.
LaTeX Info: Redefining \showhyphens on input line 22.
Package microtype Info: No adjustment of tracking.
Package microtype Info: No adjustment of interword spacing.
Package microtype Info: No adjustment of character kerning.
(/home/wei/.miktex/texmfs/install/tex/latex/microtype/mt-ppl.cfg
File: mt-ppl.cfg 2005/11/16 v1.6 microtype config. file: Palatino (RS)
)
Package caption Info: Begin \AtBeginDocument code.
Package caption Info: hyperref package is loaded.
Package caption Info: rotating package is loaded.
Package caption Info: End \AtBeginDocument code.
Package hyperref Info: Link coloring OFF on input line 22.

(/home/wei/.miktex/texmfs/install/tex/latex/hyperref/nameref.sty
Package: nameref 2019/09/16 v2.46 Cross-referencing by name of section

(/home/wei/.miktex/texmfs/install/tex/latex/refcount/refcount.sty
Package: refcount 2019/12/15 v3.6 Data extraction from label references (HO)
)
(/home/wei/.miktex/texmfs/install/tex/generic/gettitlestring/gettitlestring.sty
Package: gettitlestring 2019/12/15 v1.6 Cleanup title references (HO)
)
\c@section@level=\count470
)
LaTeX Info: Redefining \ref on input line 22.
LaTeX Info: Redefining \pageref on input line 22.
LaTeX Info: Redefining \nameref on input line 22.
 (main.out) (main.out)
\@outlinefile=\write5
\openout5 = `main.out'.

Class scrbook Info: loading recommended package `bookmark'.
(scrbook)           Using `bookmark' together with `hyperref' is recommended,
(scrbook)           because of handling of possible bookmark level gaps.
(scrbook)           You can avoid loading `bookmark' with KOMA-Script option
(scrbook)           `bookmarkpackage=false' before \begin{document} and
(scrbook)           you can avoid this message adding:
(scrbook)             \usepackage{bookmark}
(scrbook)           before \begin{document} on input line 22.

(/home/wei/.miktex/texmfs/install/tex/latex/bookmark/bookmark.sty
Package: bookmark 2020-11-06 v1.29 PDF bookmarks (HO)

(/home/wei/.miktex/texmfs/install/tex/latex/bookmark/bkm-pdftex.def
File: bkm-pdftex.def 2020-11-06 v1.29 bookmark driver for pdfTeX (HO)
\BKM@id=\count471
))
Package nag Info: Command \hc@caption not defined, skipping amendment on input 
line 22.
Package nag Info: Command \topcaption not defined, skipping amendment on input 
line 22.

(pages/cover.tex [1



{/home/wei/.miktex/texmfs/data/pdftex/config/pdftex.map}])
(pages/title.tex
LaTeX Font Info:    Trying to load font information for OT1+pplx on input line 
26.
 (/home/wei/.miktex/texmfs/install/tex/latex/psnfss/ot1pplx.fd
File: ot1pplx.fd 2004/09/06 font definitions for OT1/pplx.
)
LaTeX Font Info:    Trying to load font information for OML+zplm on input line 
26.
(/home/wei/.miktex/texmfs/install/tex/latex/psnfss/omlzplm.fd
File: omlzplm.fd 2002/09/08 Fontinst v1.914 font definitions for OML/zplm.
)
LaTeX Font Info:    Trying to load font information for OMS+zplm on input line 
26.

(/home/wei/.miktex/texmfs/install/tex/latex/psnfss/omszplm.fd
File: omszplm.fd 2002/09/08 Fontinst v1.914 font definitions for OMS/zplm.
)
LaTeX Font Info:    Trying to load font information for OMX+zplm on input line 
26.

(/home/wei/.miktex/texmfs/install/tex/latex/psnfss/omxzplm.fd
File: omxzplm.fd 2002/09/08 Fontinst v1.914 font definitions for OMX/zplm.
)
LaTeX Font Info:    Trying to load font information for OT1+zplm on input line 
26.

(/home/wei/.miktex/texmfs/install/tex/latex/psnfss/ot1zplm.fd
File: ot1zplm.fd 2002/09/08 Fontinst v1.914 font definitions for OT1/zplm.
)
Package microtype Info: Loading generic protrusion settings for font family
(microtype)             `zplm' (encoding: OT1).
(microtype)             For optimal results, create family-specific settings.
(microtype)             See the microtype manual for details.
 [1



])
(pages/disclaimer.tex [2]) (pages/acknowledgments.tex [3


]) (pages/abstract.tex
chapter without number
) [4




]
Package tocbasic Info: character protrusion at toc deactivated on input line 36
.
 (main.toc [5




])
\tf@toc=\write6
\openout6 = `main.toc'.

LaTeX Font Info:    Font shape `T1/pplx/m/sl' in size <10.95> not available
(Font)              Font shape `T1/pplx/m/it' tried instead on input line 39.
 [6] (chapters/01_introduction.tex
chapter 1.
[1



]
<figures/ch1/Figure_1.png, id=178, 867.24pt x 578.16pt>
File: figures/ch1/Figure_1.png Graphic file (type png)
<use figures/ch1/Figure_1.png>
Package pdftex.def Info: figures/ch1/Figure_1.png  used on input line 18.
(pdftex.def)             Requested size: 292.7776pt x 195.18674pt.
<figures/ch1/coco-dataset.png, id=180, 2057.6875pt x 963.6pt>
File: figures/ch1/coco-dataset.png Graphic file (type png)
<use figures/ch1/coco-dataset.png>
Package pdftex.def Info: figures/ch1/coco-dataset.png  used on input line 25.
(pdftex.def)             Requested size: 292.7776pt x 137.09387pt.
 [2 <./figures/ch1/Figure_1.png>] [3 <./figures/ch1/coco-dataset.png>]
LaTeX Font Info:    Trying to load font information for T1+cmss on input line 4
5.

(/home/wei/.miktex/texmfs/install/tex/latex/base/t1cmss.fd
File: t1cmss.fd 2019/12/16 v2.5j Standard LaTeX font definitions
)
Package microtype Info: Loading generic protrusion settings for font family
(microtype)             `cmss' (encoding: T1).
(microtype)             For optimal results, create family-specific settings.
(microtype)             See the microtype manual for details.
)
(chapters/02_theory.tex [4]
chapter 2.
LaTeX Font Info:    Trying to load font information for U+fplmbb on input line 
7.
(/home/wei/.miktex/texmfs/install/tex/latex/psnfss/ufplmbb.fd
File: ufplmbb.fd 2003/10/30 Fontinst v1.914 font definitions for U/fplmbb.
)
<figures/ch1/pinhole-camera-geometry.png, id=213, 872.25874pt x 264.99pt>
File: figures/ch1/pinhole-camera-geometry.png Graphic file (type png)
<use figures/ch1/pinhole-camera-geometry.png>
Package pdftex.def Info: figures/ch1/pinhole-camera-geometry.png  used on input
 line 11.
(pdftex.def)             Requested size: 292.7776pt x 88.94302pt.
 [5


 <./figures/ch1/pinhole-camera-geometry.png>] [6]
<figures/ch1/world-to-camera-coordinate.png, id=243, 873.2625pt x 429.605pt>
File: figures/ch1/world-to-camera-coordinate.png Graphic file (type png)
<use figures/ch1/world-to-camera-coordinate.png>
Package pdftex.def Info: figures/ch1/world-to-camera-coordinate.png  used on in
put line 110.
(pdftex.def)             Requested size: 292.7776pt x 144.03163pt.


LaTeX Warning: Command \textasciiacute invalid in math mode on input line 116.

LaTeX Info: Symbol \textasciiacute not provided by
            font family pplx in TS1 encoding.
            Default family used instead on input line 116.
(/home/wei/.miktex/texmfs/install/tex/latex/microtype/mt-cmr.cfg
File: mt-cmr.cfg 2013/05/19 v2.2 microtype config. file: Computer Modern Roman 
(RS)
)

LaTeX Warning: Command \textasciiacute invalid in math mode on input line 116.


LaTeX Warning: Command \textasciiacute invalid in math mode on input line 116.

Missing character: There is no  in font pplr9t!
Package microtype Info: Loading generic protrusion settings for font family
(microtype)             `cmtt' (encoding: OT1).
(microtype)             For optimal results, create family-specific settings.
(microtype)             See the microtype manual for details.
<figures/ch1/epipolar-line.png, id=247, 485.815pt x 295.1025pt>
File: figures/ch1/epipolar-line.png Graphic file (type png)
<use figures/ch1/epipolar-line.png>
Package pdftex.def Info: figures/ch1/epipolar-line.png  used on input line 123.

(pdftex.def)             Requested size: 145.74562pt x 88.53142pt.
[7 <./figures/ch1/world-to-camera-coordinate.png>] [8 <./figures/ch1/epipolar-l
ine.png>]
<figures/ch2/convolution-kernel.png, id=272, 600.2425pt x 467.7475pt>
File: figures/ch2/convolution-kernel.png Graphic file (type png)
<use figures/ch2/convolution-kernel.png>
Package pdftex.def Info: figures/ch2/convolution-kernel.png  used on input line
 160.
(pdftex.def)             Requested size: 240.09274pt x 187.09567pt.
<figures/ch2/receptive-field.png, id=275, 422.57875pt x 261.97874pt>
File: figures/ch2/receptive-field.png Graphic file (type png)
<use figures/ch2/receptive-field.png>
Package pdftex.def Info: figures/ch2/receptive-field.png  used on input line 16
7.
(pdftex.def)             Requested size: 209.12778pt x 129.65388pt.
 [9 <./figures/ch2/convolution-kernel.png>] [10 <./figures/ch2/receptive-field.
png>]
<figures/ch2/evaluation-plain-deeper.png, id=305, 1078.0275pt x 367.3725pt>
File: figures/ch2/evaluation-plain-deeper.png Graphic file (type png)
<use figures/ch2/evaluation-plain-deeper.png>
Package pdftex.def Info: figures/ch2/evaluation-plain-deeper.png  used on input
 line 185.
(pdftex.def)             Requested size: 292.7776pt x 99.77487pt.
<figures/ch2/residual-learning-block.png, id=310, 611.28375pt x 355.3275pt>
File: figures/ch2/residual-learning-block.png Graphic file (type png)
<use figures/ch2/residual-learning-block.png>
Package pdftex.def Info: figures/ch2/residual-learning-block.png  used on input
 line 197.
(pdftex.def)             Requested size: 209.12778pt x 121.55795pt.
<figures/ch2/resnet-architecture.jpeg, id=313, 1318.9275pt x 574.145pt>
File: figures/ch2/resnet-architecture.jpeg Graphic file (type jpg)
<use figures/ch2/resnet-architecture.jpeg>
Package pdftex.def Info: figures/ch2/resnet-architecture.jpeg  used on input li
ne 204.
(pdftex.def)             Requested size: 334.60571pt x 145.65599pt.
 [11 <./figures/ch2/evaluation-plain-deeper.png>] [12 <./figures/ch2/residual-l
earning-block.png> <./figures/ch2/resnet-architecture.jpeg (PNG copy)>]
<figures/ch2/resnet-loss.png, id=339, 1405.25pt x 590.205pt>
File: figures/ch2/resnet-loss.png Graphic file (type png)
<use figures/ch2/resnet-loss.png>
Package pdftex.def Info: figures/ch2/resnet-loss.png  used on input line 218.
(pdftex.def)             Requested size: 334.60571pt x 140.53537pt.
<figures/ch2/3dunet.png, id=346, 1350.04375pt x 755.82375pt>
File: figures/ch2/3dunet.png Graphic file (type png)
<use figures/ch2/3dunet.png>
Package pdftex.def Info: figures/ch2/3dunet.png  used on input line 230.
(pdftex.def)             Requested size: 292.7776pt x 163.90594pt.
 [13 <./figures/ch2/resnet-loss.png>]
Overfull \hbox (10.80008pt too wide) in paragraph at lines 240--241
[]\T1/pplx/m/n/10.95 (-20) Take a DCNN pretrained on ImageNet, remove
 []

[14 <./figures/ch2/3dunet.png>]
Overfull \hbox (3.59991pt too wide) in paragraph at lines 242--243
[]\T1/pplx/m/n/10.95 (-20) Since modern DCNNs take 2-3 weeks to train across mu
ltiple
 []

) (chapters/03_related_works.tex [15]
chapter 3.
[16


]
<figures/ch3/overview-lcn.png, id=372, 1631.09375pt x 581.17125pt>
File: figures/ch3/overview-lcn.png Graphic file (type png)
<use figures/ch3/overview-lcn.png>
Package pdftex.def Info: figures/ch3/overview-lcn.png  used on input line 16.
(pdftex.def)             Requested size: 418.25555pt x 149.02585pt.
 [17 <./figures/ch3/overview-lcn.png>]
<figures/ch3/dong-fast-cross-view-matching.png, id=392, 1635.10875pt x 628.3475
pt>
File: figures/ch3/dong-fast-cross-view-matching.png Graphic file (type png)
<use figures/ch3/dong-fast-cross-view-matching.png>
Package pdftex.def Info: figures/ch3/dong-fast-cross-view-matching.png  used on
 input line 28.
(pdftex.def)             Requested size: 292.7776pt x 112.50322pt.
<figures/ch3/chen-correspondence.png, id=395, 1513.655pt x 822.07124pt>
File: figures/ch3/chen-correspondence.png Graphic file (type png)
<use figures/ch3/chen-correspondence.png>
Package pdftex.def Info: figures/ch3/chen-correspondence.png  used on input lin
e 34.
(pdftex.def)             Requested size: 292.7776pt x 159.00496pt.

Underfull \hbox (badness 1655) in paragraph at lines 35--35
[][][]|\T1/pplx/m/n/10.95 (+20) 2D and 3D correspondence affinity measurments i
n [[]9[]]. (a) 2D
 []

[18] [19 <./figures/ch3/dong-fast-cross-view-matching.png> <./figures/ch3/chen-
correspondence.png>]
<figures/ch3/overview-voxelpose.png, id=423, 1653.17625pt x 570.13pt>
File: figures/ch3/overview-voxelpose.png Graphic file (type png)
<use figures/ch3/overview-voxelpose.png>
Package pdftex.def Info: figures/ch3/overview-voxelpose.png  used on input line
 48.
(pdftex.def)             Requested size: 418.25555pt x 144.23724pt.
 [20]) (chapters/05_datasets.tex [21 <./figures/ch3/overview-voxelpose.png>]
chapter 4.
<figures/ch5/coco-overview.png, id=449, 693.792pt x 709.6914pt>
File: figures/ch5/coco-overview.png Graphic file (type png)
<use figures/ch5/coco-overview.png>
Package pdftex.def Info: figures/ch5/coco-overview.png  used on input line 7.
(pdftex.def)             Requested size: 418.25555pt x 427.84315pt.
LaTeX Font Info:    Trying to load font information for T1+cmtt on input line 1
3.
(/home/wei/.miktex/texmfs/install/tex/latex/base/t1cmtt.fd
File: t1cmtt.fd 2019/12/16 v2.5j Standard LaTeX font definitions
)
Package microtype Info: Loading generic protrusion settings for font family
(microtype)             `cmtt' (encoding: T1).
(microtype)             For optimal results, create family-specific settings.
(microtype)             See the microtype manual for details.
 [22


] [23 <./figures/ch5/coco-overview.png>]
LaTeX Info: Symbol \textasciiacute not provided by
            font family pplx in TS1 encoding.
            Default family used instead on input line 118.
<figures/ch5/coco-skeleton.png, id=475, 336.25626pt x 569.12625pt>
File: figures/ch5/coco-skeleton.png Graphic file (type png)
<use figures/ch5/coco-skeleton.png>
Package pdftex.def Info: figures/ch5/coco-skeleton.png  used on input line 120.

(pdftex.def)             Requested size: 125.47794pt x 212.37103pt.
<figures/ch5/coco-heatmap.png, id=476, 1284.8pt x 1284.8pt>
File: figures/ch5/coco-heatmap.png Graphic file (type png)
<use figures/ch5/coco-heatmap.png>
Package pdftex.def Info: figures/ch5/coco-heatmap.png  used on input line 127.
(pdftex.def)             Requested size: 209.12778pt x 209.1206pt.
 [24] [25] [26 <./figures/ch5/coco-skeleton.png> <./figures/ch5/coco-heatmap.pn
g (PNG copy)>] [27]
LaTeX Info: Symbol \textasciiacute not provided by
            font family pplx in TS1 encoding.
            Default family used instead on input line 189.
<figures/ch5/panoptic-3d-annotation.png, id=533, 867.24pt x 578.16pt>
File: figures/ch5/panoptic-3d-annotation.png Graphic file (type png)
<use figures/ch5/panoptic-3d-annotation.png>
Package pdftex.def Info: figures/ch5/panoptic-3d-annotation.png  used on input 
line 191.
(pdftex.def)             Requested size: 292.7776pt x 195.18674pt.
 [28]
LaTeX Info: Symbol \textasciiacute not provided by
            font family pplx in TS1 encoding.
            Default family used instead on input line 232.
<figures/ch5/coco-augmentation.png, id=561, 693.792pt x 709.6914pt>
File: figures/ch5/coco-augmentation.png Graphic file (type png)
<use figures/ch5/coco-augmentation.png>
Package pdftex.def Info: figures/ch5/coco-augmentation.png  used on input line 
234.
(pdftex.def)             Requested size: 292.7776pt x 299.48695pt.
LaTeX Info: Symbol \textasciiacute not provided by
            font family pplx in TS1 encoding.
            Default family used instead on input line 239.
<figures/ch5/panoptic-3d-epipolar-line.png, id=562, 1387.584pt x 709.6914pt>
File: figures/ch5/panoptic-3d-epipolar-line.png Graphic file (type png)
<use figures/ch5/panoptic-3d-epipolar-line.png>
Package pdftex.def Info: figures/ch5/panoptic-3d-epipolar-line.png  used on inp
ut line 241.
(pdftex.def)             Requested size: 418.25555pt x 213.91615pt.
)
(chapters/04_network_architecture.tex [29 <./figures/ch5/panoptic-3d-annotation
.png>] [30 <./figures/ch5/coco-augmentation.png>] [31 <./figures/ch5/panoptic-3
d-epipolar-line.png>]
chapter 5.
LaTeX Info: Symbol \textasciiacute not provided by
            font family pplx in TS1 encoding.
            Default family used instead on input line 37.
<figures/ch5/2d-backbone-architecture.png, id=588, 1374.13374pt x 611.28375pt>
File: figures/ch5/2d-backbone-architecture.png Graphic file (type png)
<use figures/ch5/2d-backbone-architecture.png>
Package pdftex.def Info: figures/ch5/2d-backbone-architecture.png  used on inpu
t line 39.
(pdftex.def)             Requested size: 418.24004pt x 209.12091pt.
[32


] [33 <./figures/ch5/2d-backbone-architecture.png>]
<figures/ch4/epipolar-sampler.png, id=610, 963.6pt x 542.025pt>
File: figures/ch4/epipolar-sampler.png Graphic file (type png)
<use figures/ch4/epipolar-sampler.png>
Package pdftex.def Info: figures/ch4/epipolar-sampler.png  used on input line 6
1.
(pdftex.def)             Requested size: 418.25555pt x 235.26619pt.
<figures/ch4/baseline.png, id=612, 963.6pt x 542.025pt>
File: figures/ch4/baseline.png Graphic file (type png)
<use figures/ch4/baseline.png>
Package pdftex.def Info: figures/ch4/baseline.png  used on input line 71.
(pdftex.def)             Requested size: 418.25555pt x 235.26619pt.
 [34] [35 <./figures/ch4/epipolar-sampler.png (PNG copy)>]
<figures/ch4/view-fusion.png, id=624, 963.6pt x 542.025pt>
File: figures/ch4/view-fusion.png Graphic file (type png)
<use figures/ch4/view-fusion.png>
Package pdftex.def Info: figures/ch4/view-fusion.png  used on input line 79.
(pdftex.def)             Requested size: 418.25555pt x 235.26619pt.
 [36 <./figures/ch4/baseline.png (PNG copy)>]
[37 <./figures/ch4/view-fusion.png (PNG copy)>]
<figures/ch4/full-model.png, id=637, 963.6pt x 542.025pt>
File: figures/ch4/full-model.png Graphic file (type png)
<use figures/ch4/full-model.png>
Package pdftex.def Info: figures/ch4/full-model.png  used on input line 90.
(pdftex.def)             Requested size: 292.7776pt x 164.68468pt.
<figures/ch4/temporal-fusion.png, id=638, 963.6pt x 542.025pt>
File: figures/ch4/temporal-fusion.png Graphic file (type png)
<use figures/ch4/temporal-fusion.png>
Package pdftex.def Info: figures/ch4/temporal-fusion.png  used on input line 96
.
(pdftex.def)             Requested size: 418.25555pt x 235.26619pt.
<figures/ch4/full-framework-heatmap.png, id=639, 1094.0875pt x 626.34pt>
File: figures/ch4/full-framework-heatmap.png Graphic file (type png)
<use figures/ch4/full-framework-heatmap.png>
Package pdftex.def Info: figures/ch4/full-framework-heatmap.png  used on input 
line 102.
(pdftex.def)             Requested size: 418.25555pt x 239.44524pt.
) (chapters/07_experiments.tex
[38 <./figures/ch4/full-model.png (PNG copy)>] [39 <./figures/ch4/temporal-fusi
on.png (PNG copy)>] [40 <./figures/ch4/full-framework-heatmap.png>]
chapter 6.
) (chapters/08_conclusions.tex [41


]
chapter 7.
LaTeX Info: Symbol \textasciiacute not provided by
            font family pplx in TS1 encoding.
            Default family used instead on input line 9.
) [42


]
Package tocbasic Info: character protrusion at lof deactivated on input line 53
.
 (main.lof [43


]
Overfull \hbox (21.69006pt too wide) in paragraph at lines 40--40
 [][] [][]\T1/pplx/m/n/10.95 (-20) 2D and 3D correspondence affinity measurment
s in [[]9[]]. (a) 2D correspondence 
 []

[44]
Overfull \hbox (13.76997pt too wide) in paragraph at lines 64--64
 [][] [][]\T1/pplx/m/n/10.95 (-20) Overview of the baseline model, where the gr
een blocks are 3d convolutional 
 []


Overfull \hbox (4.9706pt too wide) in paragraph at lines 66--66
 [][] [][]\T1/pplx/m/n/10.95 (-20) Overview of the fusion model, where the gree
n blocks are 2d convolutional 
 []


Overfull \hbox (4.9706pt too wide) in paragraph at lines 70--70
 [][] [][]\T1/pplx/m/n/10.95 (-20) Overview of the fusion model, where the gree
n blocks are 2d convolutional 
 []

[45])
\tf@lof=\write7
\openout7 = `main.lof'.

 [46]
Package tocbasic Info: character protrusion at lot deactivated on input line 54
.
 (main.lot)
\tf@lot=\write8
\openout8 = `main.lot'.

 [47


]
chapter without number
Package microtype Info: Character `029' is missing
(microtype)             in font `T1/pplx/m/sc/10.95'.
(microtype)             Ignoring protrusion settings for this character.
[48


]
Overfull \hbox (3.91325pt too wide) in paragraph at lines 56--56
[]\T1/pplx/m/n/10.95 (-20) K. He, X. Zhang, S. Ren, and J. Sun,   Deep residua
l learning for image recognition,
 []


Overfull \hbox (13.10434pt too wide) in paragraph at lines 56--56
[]\T1/pplx/m/n/10.95 (-20) Q.[]X. Huang and L. Guibas,   Consistent shape maps
 via semidefinite programming,
 []

[49]
No complaints by nag.
[50] (main.aux)
Package rerunfilecheck Info: File `main.out' has not changed.
(rerunfilecheck)             Checksum: D41D8CD98F00B204E9800998ECF8427E;0.


LaTeX Warning: There were undefined references.


LaTeX Warning: There were multiply-defined labels.


Package biblatex Warning: Please (re)run Biber on the file:
(biblatex)                main
(biblatex)                and rerun LaTeX afterwards.

Package logreq Info: Writing requests to 'main.run.xml'.
\openout1 = `main.run.xml'.

 ) 
Here is how much of TeX's memory you used:
 45558 strings out of 481630
 1026292 string characters out of 2918851
 2149252 words of memory out of 3000000
 60995 multiletter control sequences out of 15000+200000
 476268 words of font info for 337 fonts, out of 3000000 for 9000
 2 hyphenation exceptions out of 8191
 112i,17n,113p,10601b,2969s stack positions out of 5000i,500n,10000p,200000b,50000s
{/home/wei/.miktex/texmfs/install/fonts/enc/dvips/base/8r.enc} </home/wei/.mi
ktex/texmfs/data/fonts/pk/ljfour/public/cm/dpi375/cmsy10.pk> </home/wei/.miktex
/texmfs/data/fonts/pk/ljfour/public/cm/dpi685/cmmi10.pk> </home/wei/.miktex/tex
mfs/data/fonts/pk/ljfour/public/cm/dpi500/cmr10.pk> </home/wei/.miktex/texmfs/d
ata/fonts/pk/ljfour/jknappen/ec/dpi600/tcrm1095.pk> </home/wei/.miktex/texmfs/d
ata/fonts/pk/ljfour/jknappen/ec/dpi600/ectt1095.pk> </home/wei/.miktex/texmfs/d
ata/fonts/pk/ljfour/public/cm/dpi600/cmtt8.pk> </home/wei/.miktex/texmfs/data/f
onts/pk/ljfour/public/cm/dpi657/cmtt10.pk> </home/wei/.miktex/texmfs/data/fonts
/pk/ljfour/public/cm/dpi657/cmex10.pk> </home/wei/.miktex/texmfs/data/fonts/pk/
ljfour/public/cm/dpi685/cmr10.pk> </home/wei/.miktex/texmfs/data/fonts/pk/ljfou
r/public/cm/dpi500/cmsy10.pk> </home/wei/.miktex/texmfs/data/fonts/pk/ljfour/jk
nappen/ec/dpi600/ecsx1095.pk> </home/wei/.miktex/texmfs/data/fonts/pk/ljfour/pu
blic/cm/dpi685/cmsy10.pk></home/wei/.miktex/texmfs/install/fonts/type1/public/m
athpazo/fplmbb.pfb></home/wei/.miktex/texmfs/install/fonts/type1/public/mathpaz
o/fplmr.pfb></home/wei/.miktex/texmfs/install/fonts/type1/public/mathpazo/fplmr
i.pfb></home/wei/.miktex/texmfs/install/fonts/type1/public/fpl/fplrc8a.pfb></ho
me/wei/.miktex/texmfs/install/fonts/type1/urw/palatino/uplb8a.pfb></home/wei/.m
iktex/texmfs/install/fonts/type1/urw/palatino/uplbi8a.pfb></home/wei/.miktex/te
xmfs/install/fonts/type1/urw/palatino/uplr8a.pfb></home/wei/.miktex/texmfs/inst
all/fonts/type1/urw/palatino/uplri8a.pfb>
Output written on main.pdf (57 pages, 15606142 bytes).
PDF statistics:
 1255 PDF objects out of 1440 (max. 8388607)
 243 named destinations out of 1000 (max. 500000)
 46158 words of extra memory for PDF output out of 51595 (max. 10000000)

